{
  "uid" : "aea7b9a40eaf65a0",
  "name" : "test_case_3[--]",
  "fullName" : "testcase.test_personalsave.Test_PersonalSave#test_case_3",
  "historyId" : "4a8546d82a83c463a15b72a3db6cc17f",
  "time" : {
    "start" : 1616376994333,
    "stop" : 1616376994473,
    "duration" : 140
  },
  "status" : "failed",
  "statusMessage" : "AssertionError: assert '昵称 2~16 个字符之间' == '编辑成功'\n  - 编辑成功\n  + 昵称 2~16 个字符之间",
  "statusTrace" : "self = <test_personalsave.Test_PersonalSave object at 0x7f8273a196d0>, nickname = '', gender = '', birthday = ''\n\n    @pytest.mark.parametrize('nickname,gender,birthday', [('', '', '')])\n    def test_case_3(self, nickname, gender, birthday):\n        data = {\n            'nickname': nickname,\n            'gender': gender,\n            'birthday': birthday\n        }\n        res = self.perobj.persave(data)\n        print(res)\n>       assert res['msg'] == '编辑成功'\nE       AssertionError: assert '昵称 2~16 个字符之间' == '编辑成功'\nE         - 编辑成功\nE         + 昵称 2~16 个字符之间\n\ntestcase/test_personalsave.py:43: AssertionError",
  "flaky" : false,
  "newFailed" : false,
  "beforeStages" : [ {
    "name" : "_Class__pytest_setup_class",
    "time" : {
      "start" : 1616376993997,
      "stop" : 1616376993997,
      "duration" : 0
    },
    "status" : "passed",
    "steps" : [ ],
    "attachments" : [ ],
    "parameters" : [ ],
    "stepsCount" : 0,
    "attachmentsCount" : 0,
    "shouldDisplayMessage" : false,
    "hasContent" : false
  } ],
  "testStage" : {
    "status" : "failed",
    "statusMessage" : "AssertionError: assert '昵称 2~16 个字符之间' == '编辑成功'\n  - 编辑成功\n  + 昵称 2~16 个字符之间",
    "statusTrace" : "self = <test_personalsave.Test_PersonalSave object at 0x7f8273a196d0>, nickname = '', gender = '', birthday = ''\n\n    @pytest.mark.parametrize('nickname,gender,birthday', [('', '', '')])\n    def test_case_3(self, nickname, gender, birthday):\n        data = {\n            'nickname': nickname,\n            'gender': gender,\n            'birthday': birthday\n        }\n        res = self.perobj.persave(data)\n        print(res)\n>       assert res['msg'] == '编辑成功'\nE       AssertionError: assert '昵称 2~16 个字符之间' == '编辑成功'\nE         - 编辑成功\nE         + 昵称 2~16 个字符之间\n\ntestcase/test_personalsave.py:43: AssertionError",
    "steps" : [ ],
    "attachments" : [ {
      "uid" : "868fe8d3c46c93b0",
      "name" : "stdout",
      "source" : "868fe8d3c46c93b0.txt",
      "type" : "text/plain",
      "size" : 63
    } ],
    "parameters" : [ ],
    "stepsCount" : 0,
    "attachmentsCount" : 1,
    "shouldDisplayMessage" : true,
    "hasContent" : true
  },
  "afterStages" : [ {
    "name" : "_Class__pytest_setup_class::0",
    "time" : {
      "start" : 1616376994482,
      "stop" : 1616376994483,
      "duration" : 1
    },
    "status" : "passed",
    "steps" : [ ],
    "attachments" : [ ],
    "parameters" : [ ],
    "stepsCount" : 0,
    "attachmentsCount" : 0,
    "shouldDisplayMessage" : false,
    "hasContent" : false
  } ],
  "labels" : [ {
    "name" : "parentSuite",
    "value" : "testcase"
  }, {
    "name" : "suite",
    "value" : "test_personalsave"
  }, {
    "name" : "subSuite",
    "value" : "Test_PersonalSave"
  }, {
    "name" : "host",
    "value" : "chenjinfeideMacBook-Air.local"
  }, {
    "name" : "thread",
    "value" : "97980-MainThread"
  }, {
    "name" : "framework",
    "value" : "pytest"
  }, {
    "name" : "language",
    "value" : "cpython3"
  }, {
    "name" : "package",
    "value" : "testcase.test_personalsave"
  }, {
    "name" : "resultFormat",
    "value" : "allure2"
  } ],
  "parameters" : [ {
    "name" : "birthday",
    "value" : "''"
  }, {
    "name" : "gender",
    "value" : "''"
  }, {
    "name" : "nickname",
    "value" : "''"
  } ],
  "links" : [ ],
  "hidden" : false,
  "retry" : false,
  "extra" : {
    "severity" : "normal",
    "retries" : [ {
      "uid" : "63cb46b4f821d80",
      "status" : "failed",
      "statusDetails" : "AssertionError: assert '昵称 2~16 个字符之间' == '编辑成功'\n  - 编辑成功\n  + 昵称 2~16 个字符之间",
      "time" : {
        "start" : 1616117969039,
        "stop" : 1616117969191,
        "duration" : 152
      }
    } ],
    "categories" : [ {
      "name" : "Product defects",
      "matchedStatuses" : [ ],
      "flaky" : false
    } ],
    "tags" : [ ]
  },
  "source" : "aea7b9a40eaf65a0.json",
  "parameterValues" : [ "''", "''", "''" ]
}