{"name": "test_case_01[li46-123456-username-1]", "status": "failed", "statusDetails": {"message": "pytest_assume.plugin.FailedAssumption: \n2 Failed Assumptions:\n\ntestcase/test_register.py:21: AssumptionFailure\n>>\tpytest.assume(res['msg'] == '注册成功')\nAssertionError: assert False\n\ntestcase/test_register.py:22: AssumptionFailure\n>>\tpytest.assume(res['code'] == 0)\nAssertionError: assert False", "trace": "tp = <class 'pytest_assume.plugin.FailedAssumption'>, value = None, tb = None\n\n    def reraise(tp, value, tb=None):\n        try:\n            if value is None:\n                value = tp()\n            if value.__traceback__ is not tb:\n>               raise value.with_traceback(tb)\nE               pytest_assume.plugin.FailedAssumption: \nE               2 Failed Assumptions:\nE               \nE               testcase/test_register.py:21: AssumptionFailure\nE               >>\tpytest.assume(res['msg'] == '注册成功')\nE               AssertionError: assert False\nE               \nE               testcase/test_register.py:22: AssumptionFailure\nE               >>\tpytest.assume(res['code'] == 0)\nE               AssertionError: assert False\n\n../../../opt/anaconda3/lib/python3.8/site-packages/six.py:702: FailedAssumption"}, "attachments": [{"name": "stdout", "source": "de65631a-0ddb-44c7-8d31-8878e33cbe4b-attachment.txt", "type": "text/plain"}], "parameters": [{"name": "account", "value": "'li46'"}, {"name": "pwd", "value": "'123456'"}, {"name": "type", "value": "'username'"}, {"name": "is_agree", "value": "1"}], "start": 1616376994488, "stop": 1616376994642, "uuid": "cb509635-498d-4035-a2c4-f3aff901808c", "historyId": "1d6cdb123008fd2334b213b6ceee7b7d", "testCaseId": "14dc333d6e3a47f1e7ea2635e98d5fa3", "fullName": "testcase.test_register.Test_Register#test_case_01", "labels": [{"name": "parentSuite", "value": "testcase"}, {"name": "suite", "value": "test_register"}, {"name": "subSuite", "value": "Test_Register"}, {"name": "host", "value": "chenjinfeideMacBook-Air.local"}, {"name": "thread", "value": "97980-MainThread"}, {"name": "framework", "value": "pytest"}, {"name": "language", "value": "cpython3"}, {"name": "package", "value": "testcase.test_register"}]}